<?xml version="1.0" encoding="utf-8"?><testsuites name="pytest tests"><testsuite name="pytest" errors="0" failures="0" skipped="0" tests="127" time="2.369" timestamp="2026-02-23T14:48:24.826004-06:00" hostname="LAMU0C4QX1L2FKP.uhc.com."><testcase classname="tests.datasets.test_coverage_files.TestVisaAnnualReportsCoverage" name="test_has_rows" time="0.039" /><testcase classname="tests.datasets.test_coverage_files.TestVisaAnnualReportsCoverage" name="test_parse_coverage" time="0.005" /><testcase classname="tests.datasets.test_coverage_files.TestVisaAnnualReportsCoverage" name="test_fy_range_consistent" time="0.015" /><testcase classname="tests.datasets.test_coverage_files.TestVisaStatisticsCoverage" name="test_has_rows" time="0.002" /><testcase classname="tests.datasets.test_coverage_files.TestVisaStatisticsCoverage" name="test_parse_coverage" time="0.008" /><testcase classname="tests.datasets.test_coverage_files.TestVisaStatisticsCoverage" name="test_fy_range_consistent" time="0.019" /><testcase classname="tests.datasets.test_coverage_files.TestNivStatisticsCoverage" name="test_has_rows" time="0.009" /><testcase classname="tests.datasets.test_coverage_files.TestNivStatisticsCoverage" name="test_fy_span" time="0.223" /><testcase classname="tests.datasets.test_coverage_files.TestUscisImmigrationCoverage" name="test_has_rows" time="0.002" /><testcase classname="tests.datasets.test_coverage_files.TestUscisImmigrationCoverage" name="test_fy_range" time="0.002" /><testcase classname="tests.datasets.test_coverage_files.TestWarnCoverage" name="test_has_rows" time="0.002" /><testcase classname="tests.datasets.test_coverage_files.TestWarnCoverage" name="test_states_present" time="0.002" /><testcase classname="tests.datasets.test_coverage_files.TestWarnCoverage" name="test_parse_coverage" time="0.007" /><testcase classname="tests.datasets.test_coverage_files.TestStubsCoverage" name="test_trac_stub" time="0.002" /><testcase classname="tests.datasets.test_coverage_files.TestStubsCoverage" name="test_acs_stub" time="0.001" /><testcase classname="tests.datasets.test_referential_integrity.TestCountryRI" name="test_country_ri[fact_visa_issuance-country-0.5]" time="0.006" /><testcase classname="tests.datasets.test_referential_integrity.TestCountryRI" name="test_country_ri[fact_visa_applications-country-0.7]" time="0.005" /><testcase classname="tests.datasets.test_referential_integrity.TestCountryRI" name="test_country_ri[fact_niv_issuance-country-0.7]" time="0.020" /><testcase classname="tests.datasets.test_referential_integrity.TestCountryRI" name="test_country_col_exists[fact_dhs_admissions-country]" time="0.001" /><testcase classname="tests.datasets.test_referential_integrity.TestCountryRI" name="test_country_col_exists[dim_visa_ceiling-country]" time="0.001" /><testcase classname="tests.datasets.test_referential_integrity.TestCountryRI" name="test_country_col_exists[fact_waiting_list-country]" time="0.001" /><testcase classname="tests.datasets.test_referential_integrity.TestSocRI" name="test_fact_oews_soc" time="0.031" /><testcase classname="tests.datasets.test_referential_integrity.TestSocRI" name="test_soc_demand_metrics_soc" time="0.005" /><testcase classname="tests.datasets.test_referential_integrity.TestCategoryMapping" name="test_visa_issuance_category_coverage" time="0.002" /><testcase classname="tests.datasets.test_referential_integrity.TestCategoryMapping" name="test_visa_applications_category_coverage" time="0.002" /><testcase classname="tests.datasets.test_schema_and_pk_core.TestFactPerm" name="test_required_columns" time="0.044" /><testcase classname="tests.datasets.test_schema_and_pk_core.TestFactPerm" name="test_min_row_count" time="0.033" /><testcase classname="tests.datasets.test_schema_and_pk_core.TestFactPerm" name="test_partitioned_exists" time="0.006" /><testcase classname="tests.datasets.test_schema_and_pk_core.TestFactPerm" name="test_case_status_not_all_null" time="0.034" /><testcase classname="tests.datasets.test_schema_and_pk_core.TestFactLca" name="test_required_columns" time="0.253" /><testcase classname="tests.datasets.test_schema_and_pk_core.TestFactLca" name="test_min_row_count" time="0.447" /><testcase classname="tests.datasets.test_schema_and_pk_core.TestFactOews" name="test_required_columns" time="0.014" /><testcase classname="tests.datasets.test_schema_and_pk_core.TestFactOews" name="test_pk_unique" time="0.028" /><testcase classname="tests.datasets.test_schema_and_pk_core.TestFactOews" name="test_ref_years_present" time="0.015" /><testcase classname="tests.datasets.test_schema_and_pk_core.TestFactOews" name="test_tot_emp_positive" time="0.016" /><testcase classname="tests.datasets.test_schema_and_pk_core.TestVisaBulletin" name="test_row_count_exact" time="0.002" /><testcase classname="tests.datasets.test_schema_and_pk_core.TestVisaBulletin" name="test_required_columns" time="0.002" /><testcase classname="tests.datasets.test_schema_and_pk_core.TestVisaBulletin" name="test_vb_presentation_pk_unique" time="0.002" /><testcase classname="tests.datasets.test_schema_and_pk_core.TestVisaBulletin" name="test_partition_count" time="0.045" /><testcase classname="tests.datasets.test_schema_and_pk_core.TestVisaBulletin" name="test_year_span" time="0.002" /><testcase classname="tests.datasets.test_schema_and_pk_core.TestCoreMetrics" name="test_backlog_estimates_exists" time="0.001" /><testcase classname="tests.datasets.test_schema_and_pk_core.TestCoreMetrics" name="test_fact_cutoff_trends_exists" time="0.001" /><testcase classname="tests.datasets.test_schema_and_pk_core.TestCoreMetrics" name="test_salary_benchmarks_exists" time="0.004" /><testcase classname="tests.datasets.test_schema_and_pk_core.TestCoreMetrics" name="test_category_movement_metrics_exists" time="0.001" /><testcase classname="tests.datasets.test_schema_and_pk_core.TestCoreMetrics" name="test_worksite_geo_metrics_exists" time="0.001" /><testcase classname="tests.datasets.test_schema_and_pk_core.TestCoreMetrics" name="test_soc_demand_metrics_exists" time="0.001" /><testcase classname="tests.datasets.test_schema_and_pk_core.TestCoreMetrics" name="test_processing_times_trends_schema" time="0.001" /><testcase classname="tests.datasets.test_schema_and_pk_new.TestDimVisaCeiling" name="test_required_columns" time="0.001" /><testcase classname="tests.datasets.test_schema_and_pk_new.TestDimVisaCeiling" name="test_pk_unique" time="0.001" /><testcase classname="tests.datasets.test_schema_and_pk_new.TestDimVisaCeiling" name="test_has_rows" time="0.001" /><testcase classname="tests.datasets.test_schema_and_pk_new.TestDimVisaCeiling" name="test_ceiling_positive" time="0.001" /><testcase classname="tests.datasets.test_schema_and_pk_new.TestFactWaitingList" name="test_required_columns" time="0.001" /><testcase classname="tests.datasets.test_schema_and_pk_new.TestFactWaitingList" name="test_pk_unique" time="0.001" /><testcase classname="tests.datasets.test_schema_and_pk_new.TestFactWaitingList" name="test_has_rows" time="0.001" /><testcase classname="tests.datasets.test_schema_and_pk_new.TestFactWaitingList" name="test_count_waiting_non_negative" time="0.001" /><testcase classname="tests.datasets.test_schema_and_pk_new.TestFactVisaIssuance" name="test_required_columns" time="0.001" /><testcase classname="tests.datasets.test_schema_and_pk_new.TestFactVisaIssuance" name="test_pk_unique" time="0.003" /><testcase classname="tests.datasets.test_schema_and_pk_new.TestFactVisaIssuance" name="test_row_count" time="0.001" /><testcase classname="tests.datasets.test_schema_and_pk_new.TestFactVisaIssuance" name="test_issued_non_negative" time="0.001" /><testcase classname="tests.datasets.test_schema_and_pk_new.TestFactVisaIssuance" name="test_fiscal_year_format" time="0.002" /><testcase classname="tests.datasets.test_schema_and_pk_new.TestFactVisaApplications" name="test_required_columns" time="0.002" /><testcase classname="tests.datasets.test_schema_and_pk_new.TestFactVisaApplications" name="test_pk_unique" time="0.004" /><testcase classname="tests.datasets.test_schema_and_pk_new.TestFactVisaApplications" name="test_row_count" time="0.002" /><testcase classname="tests.datasets.test_schema_and_pk_new.TestFactVisaApplications" name="test_applications_non_negative" time="0.002" /><testcase classname="tests.datasets.test_schema_and_pk_new.TestFactNivIssuance" name="test_required_columns" time="0.006" /><testcase classname="tests.datasets.test_schema_and_pk_new.TestFactNivIssuance" name="test_pk_unique" time="0.026" /><testcase classname="tests.datasets.test_schema_and_pk_new.TestFactNivIssuance" name="test_row_count" time="0.006" /><testcase classname="tests.datasets.test_schema_and_pk_new.TestFactNivIssuance" name="test_issued_non_negative" time="0.006" /><testcase classname="tests.datasets.test_schema_and_pk_new.TestFactNivIssuance" name="test_fy_format" time="0.020" /><testcase classname="tests.datasets.test_schema_and_pk_new.TestFactNivIssuance" name="test_has_standard_visa_classes" time="0.013" /><testcase classname="tests.datasets.test_schema_and_pk_new.TestFactUscisApprovals" name="test_required_columns" time="0.001" /><testcase classname="tests.datasets.test_schema_and_pk_new.TestFactUscisApprovals" name="test_pk_unique" time="0.001" /><testcase classname="tests.datasets.test_schema_and_pk_new.TestFactUscisApprovals" name="test_has_rows" time="0.001" /><testcase classname="tests.datasets.test_schema_and_pk_new.TestFactUscisApprovals" name="test_approvals_non_negative" time="0.001" /><testcase classname="tests.datasets.test_schema_and_pk_new.TestFactDhsAdmissions" name="test_required_columns" time="0.001" /><testcase classname="tests.datasets.test_schema_and_pk_new.TestFactDhsAdmissions" name="test_pk_unique" time="0.001" /><testcase classname="tests.datasets.test_schema_and_pk_new.TestFactDhsAdmissions" name="test_has_rows" time="0.001" /><testcase classname="tests.datasets.test_schema_and_pk_new.TestFactDhsAdmissions" name="test_admissions_non_negative" time="0.001" /><testcase classname="tests.datasets.test_schema_and_pk_new.TestFactWarnEvents" name="test_required_columns" time="0.001" /><testcase classname="tests.datasets.test_schema_and_pk_new.TestFactWarnEvents" name="test_pk_unique" time="0.001" /><testcase classname="tests.datasets.test_schema_and_pk_new.TestFactWarnEvents" name="test_has_rows" time="0.001" /><testcase classname="tests.datasets.test_schema_and_pk_new.TestFactWarnEvents" name="test_has_multiple_states" time="0.001" /><testcase classname="tests.datasets.test_schema_and_pk_new.TestFactWarnEvents" name="test_employees_affected_non_negative" time="0.001" /><testcase classname="tests.datasets.test_schema_and_pk_new.TestStubTables" name="test_fact_trac_adjudications_stub" time="0.001" /><testcase classname="tests.datasets.test_schema_and_pk_new.TestStubTables" name="test_fact_acs_wages_stub" time="0.001" /><testcase classname="tests.datasets.test_value_ranges_and_continuity.TestNonNegative" name="test_no_negative_counts[dim_visa_ceiling-ceiling]" time="0.001" /><testcase classname="tests.datasets.test_value_ranges_and_continuity.TestNonNegative" name="test_no_negative_counts[fact_visa_issuance-issued]" time="0.001" /><testcase classname="tests.datasets.test_value_ranges_and_continuity.TestNonNegative" name="test_no_negative_counts[fact_visa_applications-applications]" time="0.002" /><testcase classname="tests.datasets.test_value_ranges_and_continuity.TestNonNegative" name="test_no_negative_counts[fact_niv_issuance-issued]" time="0.006" /><testcase classname="tests.datasets.test_value_ranges_and_continuity.TestNonNegative" name="test_no_negative_counts[fact_uscis_approvals-approvals]" time="0.001" /><testcase classname="tests.datasets.test_value_ranges_and_continuity.TestNonNegative" name="test_no_negative_counts[fact_dhs_admissions-admissions]" time="0.001" /><testcase classname="tests.datasets.test_value_ranges_and_continuity.TestNonNegative" name="test_no_negative_counts[fact_warn_events-employees_affected]" time="0.001" /><testcase classname="tests.datasets.test_value_ranges_and_continuity.TestNonNegative" name="test_dim_visa_ceiling_positive" time="0.001" /><testcase classname="tests.datasets.test_value_ranges_and_continuity.TestBacklogEstimates" name="test_months_to_clear_range" time="0.001" /><testcase classname="tests.datasets.test_value_ranges_and_continuity.TestBacklogEstimates" name="test_no_nan_only_columns" time="0.002" /><testcase classname="tests.datasets.test_value_ranges_and_continuity.TestBacklogEstimates" name="test_category_range" time="0.001" /><testcase classname="tests.datasets.test_value_ranges_and_continuity.TestTimeSpans" name="test_niv_fy_span" time="0.223" /><testcase classname="tests.datasets.test_value_ranges_and_continuity.TestTimeSpans" name="test_visa_issuance_fy_span" time="0.014" /><testcase classname="tests.datasets.test_value_ranges_and_continuity.TestTimeSpans" name="test_visa_applications_fy_span" time="0.017" /><testcase classname="tests.datasets.test_value_ranges_and_continuity.TestTimeSpans" name="test_uscis_approvals_fy_span" time="0.001" /><testcase classname="tests.datasets.test_value_ranges_and_continuity.TestTimeSpans" name="test_dhs_admissions_fy_span" time="0.001" /><testcase classname="tests.datasets.test_value_ranges_and_continuity.TestTimeSpans" name="test_warn_events_date_sane" time="0.002" /><testcase classname="tests.datasets.test_value_ranges_and_continuity.TestSalaryBenchmarks" name="test_percentile_ordering" time="0.007" /><testcase classname="tests.models.test_integration_e2e_sanity.TestVisaDemandCountryRI" name="test_country_ri" time="0.022" /><testcase classname="tests.models.test_integration_e2e_sanity.TestBacklogEstimatesSanity" name="test_no_nan_only_columns" time="0.001" /><testcase classname="tests.models.test_integration_e2e_sanity.TestBacklogEstimatesSanity" name="test_months_quantiles_sane" time="0.001" /><testcase classname="tests.models.test_integration_e2e_sanity.TestBacklogEstimatesSanity" name="test_category_country_presence" time="0.002" /><testcase classname="tests.models.test_integration_e2e_sanity.TestEfsAcceptance" name="test_efs_verify_log_pass" time="0.000" /><testcase classname="tests.models.test_integration_e2e_sanity.TestEfsAcceptance" name="test_efs_correlation_threshold" time="0.000" /><testcase classname="tests.models.test_integration_e2e_sanity.TestEfsAcceptance" name="test_efs_parquet_valid" time="0.005" /><testcase classname="tests.models.test_integration_e2e_sanity.TestCoreTablesNoRegression" name="test_fact_perm_all_unchanged" time="0.035" /><testcase classname="tests.models.test_integration_e2e_sanity.TestCoreTablesNoRegression" name="test_fact_oews_unchanged" time="0.013" /><testcase classname="tests.models.test_integration_e2e_sanity.TestCoreTablesNoRegression" name="test_fact_cutoffs_unchanged" time="0.002" /><testcase classname="tests.models.test_integration_e2e_sanity.TestCoreTablesNoRegression" name="test_fact_lca_present" time="0.005" /><testcase classname="tests.models.test_integration_e2e_sanity.TestCoreTablesNoRegression" name="test_employer_features_intact" time="0.006" /><testcase classname="tests.models.test_model_usage_matrix.TestBacklogUsage" name="test_backlog_task_present" time="0.000" /><testcase classname="tests.models.test_model_usage_matrix.TestBacklogUsage" name="test_backlog_references_dim_visa_ceiling_or_waiting_list" time="0.000" /><testcase classname="tests.models.test_model_usage_matrix.TestBacklogUsage" name="test_backlog_row_count_positive" time="0.000" /><testcase classname="tests.models.test_model_usage_matrix.TestVisaDemandMetrics" name="test_task_present" time="0.001" /><testcase classname="tests.models.test_model_usage_matrix.TestVisaDemandMetrics" name="test_used_at_least_two_sources" time="0.000" /><testcase classname="tests.models.test_model_usage_matrix.TestVisaDemandMetrics" name="test_output_parquet_exists" time="0.006" /><testcase classname="tests.models.test_model_usage_matrix.TestVisaDemandMetrics" name="test_references_niv_or_visa_issuance" time="0.001" /><testcase classname="tests.models.test_model_usage_matrix.TestEmployerRiskFeatures" name="test_task_present" time="0.001" /><testcase classname="tests.models.test_model_usage_matrix.TestEmployerRiskFeatures" name="test_output_exists" time="0.000" /><testcase classname="tests.models.test_model_usage_matrix.TestEmployerRiskFeatures" name="test_join_rate_positive" time="0.001" /><testcase classname="tests.models.test_model_usage_matrix.TestStubsInRegistry" name="test_trac_stubbed" time="0.001" /><testcase classname="tests.models.test_model_usage_matrix.TestStubsInRegistry" name="test_acs_stubbed" time="0.000" /></testsuite></testsuites>